D:\Book-My-Show\BMS\ClientApp\bms\dist\out-tsc\app\model\movie-model.js
D:\Book-My-Show\BMS\ClientApp\bms\dist\out-tsc\app\model\movie-model.js.map
D:\Book-My-Show\BMS\ClientApp\bms\dist\out-tsc\app\services\movie-service.service.js
D:\Book-My-Show\BMS\ClientApp\bms\dist\out-tsc\app\services\movie-service.service.js.map
D:\Book-My-Show\BMS\ClientApp\bms\dist\out-tsc\app\home-movie-list\home-movie-list.component.js
D:\Book-My-Show\BMS\ClientApp\bms\dist\out-tsc\app\home-movie-list\home-movie-list.component.js.map
D:\Book-My-Show\BMS\ClientApp\bms\dist\out-tsc\app\movie-detail\movie-detail.component.js
D:\Book-My-Show\BMS\ClientApp\bms\dist\out-tsc\app\movie-detail\movie-detail.component.js.map
D:\Book-My-Show\BMS\ClientApp\bms\dist\out-tsc\app\app-routing.module.js
D:\Book-My-Show\BMS\ClientApp\bms\dist\out-tsc\app\app-routing.module.js.map
D:\Book-My-Show\BMS\ClientApp\bms\dist\out-tsc\app\app.component.js
D:\Book-My-Show\BMS\ClientApp\bms\dist\out-tsc\app\app.component.js.map
D:\Book-My-Show\BMS\ClientApp\bms\dist\out-tsc\app\header\header.component.js
D:\Book-My-Show\BMS\ClientApp\bms\dist\out-tsc\app\header\header.component.js.map
D:\Book-My-Show\BMS\ClientApp\bms\dist\out-tsc\app\footer\footer.component.js
D:\Book-My-Show\BMS\ClientApp\bms\dist\out-tsc\app\footer\footer.component.js.map
D:\Book-My-Show\BMS\ClientApp\bms\dist\out-tsc\app\app.module.js
D:\Book-My-Show\BMS\ClientApp\bms\dist\out-tsc\app\app.module.js.map
D:\Book-My-Show\BMS\ClientApp\bms\dist\out-tsc\environments\environment.js
D:\Book-My-Show\BMS\ClientApp\bms\dist\out-tsc\environments\environment.js.map
D:\Book-My-Show\BMS\ClientApp\bms\dist\out-tsc\main.js
D:\Book-My-Show\BMS\ClientApp\bms\dist\out-tsc\main.js.map
D:\Book-My-Show\BMS\ClientApp\bms\dist\out-tsc\polyfills.js
D:\Book-My-Show\BMS\ClientApp\bms\dist\out-tsc\polyfills.js.map
D:\Book-My-Show\BMS\ClientApp\bms\dist\out-tsc\test.js
D:\Book-My-Show\BMS\ClientApp\bms\dist\out-tsc\test.js.map
D:\Book-My-Show\BMS\ClientApp\bms\dist\out-tsc\app\app.component.spec.js
D:\Book-My-Show\BMS\ClientApp\bms\dist\out-tsc\app\app.component.spec.js.map
D:\Book-My-Show\BMS\ClientApp\bms\dist\out-tsc\app\footer\footer.component.spec.js
D:\Book-My-Show\BMS\ClientApp\bms\dist\out-tsc\app\footer\footer.component.spec.js.map
D:\Book-My-Show\BMS\ClientApp\bms\dist\out-tsc\app\header\header.component.spec.js
D:\Book-My-Show\BMS\ClientApp\bms\dist\out-tsc\app\header\header.component.spec.js.map
D:\Book-My-Show\BMS\ClientApp\bms\dist\out-tsc\app\home-movie-list\home-movie-list.component.spec.js
D:\Book-My-Show\BMS\ClientApp\bms\dist\out-tsc\app\home-movie-list\home-movie-list.component.spec.js.map
D:\Book-My-Show\BMS\ClientApp\bms\dist\out-tsc\app\movie-detail\movie-detail.component.spec.js
D:\Book-My-Show\BMS\ClientApp\bms\dist\out-tsc\app\movie-detail\movie-detail.component.spec.js.map
D:\Book-My-Show\BMS\ClientApp\bms\dist\out-tsc\app\services\movie-service.service.spec.js
D:\Book-My-Show\BMS\ClientApp\bms\dist\out-tsc\app\services\movie-service.service.spec.js.map
D:\Book-My-Show\BMS\ClientApp\bms\dist\out-tsc\environments\environment.prod.js
D:\Book-My-Show\BMS\ClientApp\bms\dist\out-tsc\environments\environment.prod.js.map
